09-05-2018 12:29:37[INFO ][INFO] Current OS is: mac os x
09-05-2018 12:29:37[INFO ]WebDriverPath is: src/main/resources/bin/chromedriver
09-05-2018 12:29:37[INFO ]Initiate browser: CHROME
09-05-2018 12:29:42[INFO ]########## Start new shared driver [2018.09.05.12.29.42] ##########
09-05-2018 12:29:42[INFO ][INFO] Current OS is: mac os x
09-05-2018 12:29:42[INFO ]WebDriverPath is: src/main/resources/bin/chromedriver
09-05-2018 12:29:42[INFO ]Initiate browser: CHROME
09-05-2018 12:29:43[INFO ][INFO] Current URL: data:,
09-05-2018 12:29:57[INFO ][INFO] Current OS is: mac os x
09-05-2018 12:29:57[INFO ]WebDriverPath is: src/main/resources/bin/chromedriver
09-05-2018 12:29:57[INFO ]Initiate browser: CHROME
09-05-2018 12:29:59[INFO ][INFO] Current URL: data:,
09-05-2018 12:29:59[INFO ][CHECK] Verify User is not logged in
09-05-2018 12:30:00[INFO ][INFO] Current OS is: mac os x
09-05-2018 12:30:00[INFO ]WebDriverPath is: src/main/resources/bin/chromedriver
09-05-2018 12:30:00[INFO ]Initiate browser: CHROME
09-05-2018 12:30:02[INFO ][INFO] Current URL: data:,
09-05-2018 12:30:02[INFO ][ACTION] Enter email: jez.dang@gmail.com
09-05-2018 12:30:03[INFO ][ACTION] Enter password
09-05-2018 12:30:03[INFO ][ACTION] Click Login Button
09-05-2018 12:30:15[INFO ][INFO] Current OS is: mac os x
09-05-2018 12:30:15[INFO ]WebDriverPath is: src/main/resources/bin/chromedriver
09-05-2018 12:30:15[INFO ]Initiate browser: CHROME
09-05-2018 12:30:17[INFO ][INFO] Current URL: data:,
09-05-2018 12:30:17[INFO ][CHECK] Verify User is logged in
09-05-2018 12:30:19[INFO ][INFO] Current OS is: mac os x
09-05-2018 12:30:19[INFO ]WebDriverPath is: src/main/resources/bin/chromedriver
09-05-2018 12:30:19[INFO ]Initiate browser: CHROME
09-05-2018 12:30:22[INFO ][INFO] Current URL: data:,
09-05-2018 12:30:22[INFO ][INFO] Current OS is: mac os x
09-05-2018 12:30:22[INFO ]WebDriverPath is: src/main/resources/bin/chromedriver
09-05-2018 12:30:22[INFO ]Initiate browser: CHROME
09-05-2018 12:35:17[INFO ][INFO] Current OS is: mac os x
09-05-2018 12:35:17[INFO ]WebDriverPath is: src/main/resources/bin/chromedriver
09-05-2018 12:35:17[INFO ]Initiate browser: CHROME
09-05-2018 12:35:22[INFO ]########## Start new shared driver [2018.09.05.12.35.22] ##########
09-05-2018 12:35:35[INFO ][CHECK] Verify User is not logged in
09-05-2018 12:35:36[INFO ][ACTION] Enter email: jez.dang@gmail.com
09-05-2018 12:35:37[INFO ][ACTION] Enter password
09-05-2018 12:35:38[INFO ][ACTION] Click Login Button
09-05-2018 12:35:48[INFO ][CHECK] Verify User is logged in
09-05-2018 12:35:48[INFO ][INFO] Current OS is: mac os x
09-05-2018 12:35:48[INFO ]WebDriverPath is: src/main/resources/bin/chromedriver
09-05-2018 12:35:48[INFO ]Initiate browser: CHROME
09-05-2018 12:35:49[INFO ][INFO] Current OS is: mac os x
09-05-2018 12:35:49[INFO ]WebDriverPath is: src/main/resources/bin/chromedriver
09-05-2018 12:35:49[INFO ]Initiate browser: CHROME
09-05-2018 12:40:14[INFO ][INFO] Current OS is: mac os x
09-05-2018 12:40:14[INFO ]WebDriverPath is: src/main/resources/bin/chromedriver
09-05-2018 12:40:14[INFO ]Initiate browser: CHROME
09-05-2018 12:40:18[INFO ]########## Start new shared driver [2018.09.05.12.40.18] ##########
09-05-2018 12:40:33[INFO ][CHECK] Verify User is not logged in
09-05-2018 12:40:33[INFO ][ACTION] Enter email: jez.dang@gmail.com
09-05-2018 12:40:34[INFO ][ACTION] Enter password
09-05-2018 12:40:35[INFO ][ACTION] Click Login Button
09-05-2018 12:40:38[INFO ][CHECK] Verify User is logged in
09-05-2018 12:48:11[INFO ][INFO] Current OS is: mac os x
09-05-2018 12:48:11[INFO ]WebDriverPath is: src/main/resources/bin/chromedriver
09-05-2018 12:48:11[INFO ]Initiate browser: CHROME
09-05-2018 12:48:14[INFO ]########## Start new shared driver [2018.09.05.12.48.14] ##########
09-05-2018 12:48:26[INFO ][CHECK] Verify User is not logged in
09-05-2018 12:48:26[INFO ][ACTION] Enter email: jez.dang@gmail.com
09-05-2018 12:48:27[INFO ][ACTION] Enter password
09-05-2018 12:48:27[INFO ][ACTION] Click Login Button
09-05-2018 12:48:32[INFO ][CHECK] Verify User is logged in
09-05-2018 12:48:32[INFO ][ACTION] Click up vote on article index: 1
09-05-2018 12:48:33[INFO ][ACTION] Verify article index [1] is up voted
09-05-2018 12:49:23[INFO ][INFO] Current OS is: mac os x
09-05-2018 12:49:23[INFO ]WebDriverPath is: src/main/resources/bin/chromedriver
09-05-2018 12:49:23[INFO ]Initiate browser: CHROME
09-05-2018 12:49:26[INFO ]########## Start new shared driver [2018.09.05.12.49.26] ##########
09-05-2018 12:49:38[INFO ][CHECK] Verify User is not logged in
09-05-2018 12:49:39[INFO ][ACTION] Enter email: jez.dang@gmail.com
09-05-2018 12:49:39[INFO ][ACTION] Enter password
09-05-2018 12:49:40[INFO ][ACTION] Click Login Button
09-05-2018 12:49:49[INFO ][CHECK] Verify User is logged in
09-05-2018 12:49:49[INFO ][ACTION] Click up vote on article index: 1
09-05-2018 12:49:49[INFO ][ACTION] Verify article index [1] is up voted
